[2021-11-19 00:00:05] local.INFO: every hour  
[2021-11-19 00:00:09] local.INFO: create customer to rms  
[2021-11-19 00:00:09] local.INFO: Array
(
    [id] => 884
    [full_name] => mohamed Hamza
    [email] => midohamza17@yahoo.com
    [phone] => 01017115717
    [deviceType] => desktop
    [address] => address
    [address2] => address
)
  
[2021-11-19 00:00:09] local.INFO: stdClass Object
(
    [message] => Array
        (
            [0] => stdClass Object
                (
                    [error] => 
                    [code] => 0
                    [message] => Customer Created Successfully
                )

        )

)
  
[2021-11-19 00:03:43] local.INFO: Array
(
    [id] => 281
    [customer_id] => 884
    [frirstName] => mohamed
    [lastName] => Hamza
    [phone] => 01017115717
    [city_id] => 5
    [customer_region] => Obour city
    [street] => Al Shaheed Mohamed El Shimy, Villa 16
    [home_number] => Villa 16
    [floor_number] => 1st
    [postal_code] => 
    [address] => Block 150/38,Al Shaheed Mohamed El Shimy street, Villa 16
    [notes] => 
)
  
[2021-11-19 00:03:44] local.INFO: create or update address   
[2021-11-19 00:03:44] local.INFO:   
[2021-11-19 00:03:50] local.INFO: Array
(
    [id] => 431
    [total] => 433
    [address_id] => 281
    [customer_name] => mohamed  Hamza
    [customer_address] => Block 150/38,Al Shaheed Mohamed El Shimy street, Villa 16
    [customer_phone] => 01017115717
    [customerid] => 884
    [customer_email] => midohamza17@yahoo.com
    [payment_method] => cach
    [payment_status] => Not Complete
    [promocode] => 
    [device_type] => desktop
    [date] => 2021-11-19 00:03:50
    [order_details] => Array
        (
        )

)
  
[2021-11-19 00:03:51] local.INFO: stdClass Object
(
    [message] => Array
        (
            [0] => stdClass Object
                (
                    [error] => 
                    [code] => 0
                    [message] => Order Created Successfully
                )

            [1] => stdClass Object
                (
                    [error] => 
                    [code] => 0
                    [message] => Order Created Successfully
                )

        )

)
  
[2021-11-19 01:00:05] local.INFO: every hour  
[2021-11-19 02:00:09] local.INFO: every hour  
[2021-11-19 03:00:05] local.INFO: every hour  
[2021-11-19 04:00:06] local.INFO: every hour  
[2021-11-19 05:00:05] local.INFO: every hour  
[2021-11-19 05:18:44] local.ERROR: Too few arguments to function App\Http\Controllers\HomeController::product_details(), 1 passed and exactly 2 expected {"exception":"[object] (Symfony\\Component\\Debug\\Exception\\FatalThrowableError(code: 0): Too few arguments to function App\\Http\\Controllers\\HomeController::product_details(), 1 passed and exactly 2 expected at /home2/cutzcom/public_html/app/Http/Controllers/HomeController.php:153)
[stacktrace]
#0 [internal function]: App\\Http\\Controllers\\HomeController->product_details('217')
#1 /home2/cutzcom/public_html/vendor/laravel/framework/src/Illuminate/Routing/Controller.php(54): call_user_func_array(Array, Array)
#2 /home2/cutzcom/public_html/vendor/laravel/framework/src/Illuminate/Routing/ControllerDispatcher.php(45): Illuminate\\Routing\\Controller->callAction('product_details', Array)
#3 /home2/cutzcom/public_html/vendor/laravel/framework/src/Illuminate/Routing/Route.php(219): Illuminate\\Routing\\ControllerDispatcher->dispatch(Object(Illuminate\\Routing\\Route), Object(App\\Http\\Controllers\\HomeController), 'product_details')
#4 /home2/cutzcom/public_html/vendor/laravel/framework/src/Illuminate/Routing/Route.php(176): Illuminate\\Routing\\Route->runController()
#5 /home2/cutzcom/public_html/vendor/laravel/framework/src/Illuminate/Routing/Router.php(682): Illuminate\\Routing\\Route->run()
#6 /home2/cutzcom/public_html/vendor/laravel/framework/src/Illuminate/Routing/Pipeline.php(30): Illuminate\\Routing\\Router->Illuminate\\Routing\\{closure}(Object(Illuminate\\Http\\Request))
#7 /home2/cutzcom/public_html/vendor/mcamara/laravel-localization/src/Mcamara/LaravelLocalization/Middleware/LaravelLocalizationViewPath.php(33): Illuminate\\Routing\\Pipeline->Illuminate\\Routing\\{closure}(Object(Illuminate\\Http\\Request))
#8 /home2/cutzcom/public_html/vendor/laravel/framework/src/Illuminate/Pipeline/Pipeline.php(163): Mcamara\\LaravelLocalization\\Middleware\\LaravelLocalizationViewPath->handle(Object(Illuminate\\Http\\Request), Object(Closure))
#9 /home2/cutzcom/public_html/vendor/laravel/framework/src/Illuminate/Routing/Pipeline.php(53): Illuminate\\Pipeline\\Pipeline->Illuminate\\Pipeline\\{closure}(Object(Illuminate\\Http\\Request))
#10 /home2/cutzcom/public_html/vendor/mcamara/laravel-localization/src/Mcamara/LaravelLocalization/Middleware/LaravelLocalizationRedirectFilter.php(45): Illuminate\\Routing\\Pipeline->Illuminate\\Routing\\{closure}(Object(Illuminate\\Http\\Request))
#11 /home2/cutzcom/public_html/vendor/laravel/framework/src/Illuminate/Pipeline/Pipeline.php(163): Mcamara\\LaravelLocalization\\Middleware\\LaravelLocalizationRedirectFilter->handle(Object(Illuminate\\Http\\Request), Object(Closure))
#12 /home2/cutzcom/public_html/vendor/laravel/framework/src/Illuminate/Routing/Pipeline.php(53): Illuminate\\Pipeline\\Pipeline->Illuminate\\Pipeline\\{closure}(Object(Illuminate\\Http\\Request))
#13 /home2/cutzcom/public_html/vendor/mcamara/laravel-localization/src/Mcamara/LaravelLocalization/Middleware/LocaleSessionRedirect.php(32): Illuminate\\Routing\\Pipeline->Illuminate\\Routing\\{closure}(Object(Illuminate\\Http\\Request))
#14 /home2/cutzcom/public_html/vendor/laravel/framework/src/Illuminate/Pipeline/Pipeline.php(163): Mcamara\\LaravelLocalization\\Middleware\\LocaleSessionRedirect->handle(Object(Illuminate\\Http\\Request), Object(Closure))
#15 /home2/cutzcom/public_html/vendor/laravel/framework/src/Illuminate/Routing/Pipeline.php(53): Illuminate\\Pipeline\\Pipeline->Illuminate\\Pipeline\\{closure}(Object(Illuminate\\Http\\Request))
#16 /home2/cutzcom/public_html/vendor/laravel/framework/src/Illuminate/Routing/Middleware/SubstituteBindings.php(41): Illuminate\\Routing\\Pipeline->Illuminate\\Routing\\{closure}(Object(Illuminate\\Http\\Request))
#17 /home2/cutzcom/public_html/vendor/laravel/framework/src/Illuminate/Pipeline/Pipeline.php(163): Illuminate\\Routing\\Middleware\\SubstituteBindings->handle(Object(Illuminate\\Http\\Request), Object(Closure))
#18 /home2/cutzcom/public_html/vendor/laravel/framework/src/Illuminate/Routing/Pipeline.php(53): Illuminate\\Pipeline\\Pipeline->Illuminate\\Pipeline\\{closure}(Object(Illuminate\\Http\\Request))
#19 /home2/cutzcom/public_html/vendor/laravel/framework/src/Illuminate/Foundation/Http/Middleware/VerifyCsrfToken.php(75): Illuminate\\Routing\\Pipeline->Illuminate\\Routing\\{closure}(Object(Illuminate\\Http\\Request))
#20 /home2/cutzcom/public_html/vendor/laravel/framework/src/Illuminate/Pipeline/Pipeline.php(163): Illuminate\\Foundation\\Http\\Middleware\\VerifyCsrfToken->handle(Object(Illuminate\\Http\\Request), Object(Closure))
#21 /home2/cutzcom/public_html/vendor/laravel/framework/src/Illuminate/Routing/Pipeline.php(53): Illuminate\\Pipeline\\Pipeline->Illuminate\\Pipeline\\{closure}(Object(Illuminate\\Http\\Request))
#22 /home2/cutzcom/public_html/vendor/laravel/framework/src/Illuminate/View/Middleware/ShareErrorsFromSession.php(49): Illuminate\\Routing\\Pipeline->Illuminate\\Routing\\{closure}(Object(Illuminate\\Http\\Request))
#23 /home2/cutzcom/public_html/vendor/laravel/framework/src/Illuminate/Pipeline/Pipeline.php(163): Illuminate\\View\\Middleware\\ShareErrorsFromSession->handle(Object(Illuminate\\Http\\Request), Object(Closure))
#24 /home2/cutzcom/public_html/vendor/laravel/framework/src/Illuminate/Routing/Pipeline.php(53): Illuminate\\Pipeline\\Pipeline->Illuminate\\Pipeline\\{closure}(Object(Illuminate\\Http\\Request))
#25 /home2/cutzcom/public_html/vendor/laravel/framework/src/Illuminate/Session/Middleware/StartSession.php(63): Illuminate\\Routing\\Pipeline->Illuminate\\Routing\\{closure}(Object(Illuminate\\Http\\Request))
#26 /home2/cutzcom/public_html/vendor/laravel/framework/src/Illuminate/Pipeline/Pipeline.php(163): Illuminate\\Session\\Middleware\\StartSession->handle(Object(Illuminate\\Http\\Request), Object(Closure))
#27 /home2/cutzcom/public_html/vendor/laravel/framework/src/Illuminate/Routing/Pipeline.php(53): Illuminate\\Pipeline\\Pipeline->Illuminate\\Pipeline\\{closure}(Object(Illuminate\\Http\\Request))
#28 /home2/cutzcom/public_html/vendor/laravel/framework/src/Illuminate/Cookie/Middleware/AddQueuedCookiesToResponse.php(37): Illuminate\\Routing\\Pipeline->Illuminate\\Routing\\{closure}(Object(Illuminate\\Http\\Request))
#29 /home2/cutzcom/public_html/vendor/laravel/framework/src/Illuminate/Pipeline/Pipeline.php(163): Illuminate\\Cookie\\Middleware\\AddQueuedCookiesToResponse->handle(Object(Illuminate\\Http\\Request), Object(Closure))
#30 /home2/cutzcom/public_html/vendor/laravel/framework/src/Illuminate/Routing/Pipeline.php(53): Illuminate\\Pipeline\\Pipeline->Illuminate\\Pipeline\\{closure}(Object(Illuminate\\Http\\Request))
#31 /home2/cutzcom/public_html/vendor/laravel/framework/src/Illuminate/Cookie/Middleware/EncryptCookies.php(66): Illuminate\\Routing\\Pipeline->Illuminate\\Routing\\{closure}(Object(Illuminate\\Http\\Request))
#32 /home2/cutzcom/public_html/vendor/laravel/framework/src/Illuminate/Pipeline/Pipeline.php(163): Illuminate\\Cookie\\Middleware\\EncryptCookies->handle(Object(Illuminate\\Http\\Request), Object(Closure))
#33 /home2/cutzcom/public_html/vendor/laravel/framework/src/Illuminate/Routing/Pipeline.php(53): Illuminate\\Pipeline\\Pipeline->Illuminate\\Pipeline\\{closure}(Object(Illuminate\\Http\\Request))
#34 /home2/cutzcom/public_html/vendor/laravel/framework/src/Illuminate/Pipeline/Pipeline.php(104): Illuminate\\Routing\\Pipeline->Illuminate\\Routing\\{closure}(Object(Illuminate\\Http\\Request))
#35 /home2/cutzcom/public_html/vendor/laravel/framework/src/Illuminate/Routing/Router.php(684): Illuminate\\Pipeline\\Pipeline->then(Object(Closure))
#36 /home2/cutzcom/public_html/vendor/laravel/framework/src/Illuminate/Routing/Router.php(659): Illuminate\\Routing\\Router->runRouteWithinStack(Object(Illuminate\\Routing\\Route), Object(Illuminate\\Http\\Request))
#37 /home2/cutzcom/public_html/vendor/laravel/framework/src/Illuminate/Routing/Router.php(625): Illuminate\\Routing\\Router->runRoute(Object(Illuminate\\Http\\Request), Object(Illuminate\\Routing\\Route))
#38 /home2/cutzcom/public_html/vendor/laravel/framework/src/Illuminate/Routing/Router.php(614): Illuminate\\Routing\\Router->dispatchToRoute(Object(Illuminate\\Http\\Request))
#39 /home2/cutzcom/public_html/vendor/laravel/framework/src/Illuminate/Foundation/Http/Kernel.php(176): Illuminate\\Routing\\Router->dispatch(Object(Illuminate\\Http\\Request))
#40 /home2/cutzcom/public_html/vendor/laravel/framework/src/Illuminate/Routing/Pipeline.php(30): Illuminate\\Foundation\\Http\\Kernel->Illuminate\\Foundation\\Http\\{closure}(Object(Illuminate\\Http\\Request))
#41 /home2/cutzcom/public_html/vendor/fideloper/proxy/src/TrustProxies.php(57): Illuminate\\Routing\\Pipeline->Illuminate\\Routing\\{closure}(Object(Illuminate\\Http\\Request))
#42 /home2/cutzcom/public_html/vendor/laravel/framework/src/Illuminate/Pipeline/Pipeline.php(163): Fideloper\\Proxy\\TrustProxies->handle(Object(Illuminate\\Http\\Request), Object(Closure))
#43 /home2/cutzcom/public_html/vendor/laravel/framework/src/Illuminate/Routing/Pipeline.php(53): Illuminate\\Pipeline\\Pipeline->Illuminate\\Pipeline\\{closure}(Object(Illuminate\\Http\\Request))
#44 /home2/cutzcom/public_html/vendor/laravel/framework/src/Illuminate/Foundation/Http/Middleware/TransformsRequest.php(31): Illuminate\\Routing\\Pipeline->Illuminate\\Routing\\{closure}(Object(Illuminate\\Http\\Request))
#45 /home2/cutzcom/public_html/vendor/laravel/framework/src/Illuminate/Pipeline/Pipeline.php(163): Illuminate\\Foundation\\Http\\Middleware\\TransformsRequest->handle(Object(Illuminate\\Http\\Request), Object(Closure))
#46 /home2/cutzcom/public_html/vendor/laravel/framework/src/Illuminate/Routing/Pipeline.php(53): Illuminate\\Pipeline\\Pipeline->Illuminate\\Pipeline\\{closure}(Object(Illuminate\\Http\\Request))
#47 /home2/cutzcom/public_html/vendor/laravel/framework/src/Illuminate/Foundation/Http/Middleware/TransformsRequest.php(31): Illuminate\\Routing\\Pipeline->Illuminate\\Routing\\{closure}(Object(Illuminate\\Http\\Request))
#48 /home2/cutzcom/public_html/vendor/laravel/framework/src/Illuminate/Pipeline/Pipeline.php(163): Illuminate\\Foundation\\Http\\Middleware\\TransformsRequest->handle(Object(Illuminate\\Http\\Request), Object(Closure))
#49 /home2/cutzcom/public_html/vendor/laravel/framework/src/Illuminate/Routing/Pipeline.php(53): Illuminate\\Pipeline\\Pipeline->Illuminate\\Pipeline\\{closure}(Object(Illuminate\\Http\\Request))
#50 /home2/cutzcom/public_html/vendor/laravel/framework/src/Illuminate/Foundation/Http/Middleware/ValidatePostSize.php(27): Illuminate\\Routing\\Pipeline->Illuminate\\Routing\\{closure}(Object(Illuminate\\Http\\Request))
#51 /home2/cutzcom/public_html/vendor/laravel/framework/src/Illuminate/Pipeline/Pipeline.php(163): Illuminate\\Foundation\\Http\\Middleware\\ValidatePostSize->handle(Object(Illuminate\\Http\\Request), Object(Closure))
#52 /home2/cutzcom/public_html/vendor/laravel/framework/src/Illuminate/Routing/Pipeline.php(53): Illuminate\\Pipeline\\Pipeline->Illuminate\\Pipeline\\{closure}(Object(Illuminate\\Http\\Request))
#53 /home2/cutzcom/public_html/vendor/laravel/framework/src/Illuminate/Foundation/Http/Middleware/CheckForMaintenanceMode.php(62): Illuminate\\Routing\\Pipeline->Illuminate\\Routing\\{closure}(Object(Illuminate\\Http\\Request))
#54 /home2/cutzcom/public_html/vendor/laravel/framework/src/Illuminate/Pipeline/Pipeline.php(163): Illuminate\\Foundation\\Http\\Middleware\\CheckForMaintenanceMode->handle(Object(Illuminate\\Http\\Request), Object(Closure))
#55 /home2/cutzcom/public_html/vendor/laravel/framework/src/Illuminate/Routing/Pipeline.php(53): Illuminate\\Pipeline\\Pipeline->Illuminate\\Pipeline\\{closure}(Object(Illuminate\\Http\\Request))
#56 /home2/cutzcom/public_html/vendor/laravel/framework/src/Illuminate/Pipeline/Pipeline.php(104): Illuminate\\Routing\\Pipeline->Illuminate\\Routing\\{closure}(Object(Illuminate\\Http\\Request))
#57 /home2/cutzcom/public_html/vendor/laravel/framework/src/Illuminate/Foundation/Http/Kernel.php(151): Illuminate\\Pipeline\\Pipeline->then(Object(Closure))
#58 /home2/cutzcom/public_html/vendor/laravel/framework/src/Illuminate/Foundation/Http/Kernel.php(116): Illuminate\\Foundation\\Http\\Kernel->sendRequestThroughRouter(Object(Illuminate\\Http\\Request))
#59 /home2/cutzcom/public_html/public/index.php(55): Illuminate\\Foundation\\Http\\Kernel->handle(Object(Illuminate\\Http\\Request))
#60 {main}
"} 
[2021-11-19 06:00:06] local.INFO: every hour  
[2021-11-19 07:00:04] local.INFO: every hour  
[2021-11-19 08:00:05] local.INFO: every hour  
[2021-11-19 09:00:05] local.INFO: every hour  
[2021-11-19 10:00:06] local.INFO: every hour  
[2021-11-19 11:00:06] local.INFO: every hour  
[2021-11-19 12:00:07] local.INFO: every hour  
[2021-11-19 12:55:02] local.INFO: create customer to rms  
[2021-11-19 12:55:02] local.INFO: Array
(
    [id] => 885
    [full_name] => Hassan Farag
    [email] => guest@gmail.com
    [phone] => 201111511033
    [deviceType] => desktop
    [address] => address
    [address2] => address
)
  
[2021-11-19 12:55:02] local.INFO: stdClass Object
(
    [message] => Array
        (
            [0] => stdClass Object
                (
                    [error] => 
                    [code] => 0
                    [message] => Customer Created Successfully
                )

        )

)
  
[2021-11-19 12:59:44] local.INFO: Array
(
    [id] => 282
    [customer_id] => 885
    [frirstName] => Hassan
    [lastName] => Farag
    [phone] => 201111511033
    [city_id] => 5
    [customer_region] => CAIRO
    [street] => 21 12/19 A Zahraa Elmaadi Third District
    [home_number] => 12/19 A
    [floor_number] => 2
    [postal_code] => 
    [address] => Zahraaelmaadi/(12/19a)/21
    [notes] => 
)
  
[2021-11-19 12:59:44] local.INFO: create or update address   
[2021-11-19 12:59:44] local.INFO:   
[2021-11-19 12:59:45] local.INFO: Array
(
    [id] => 282
    [customer_id] => 885
    [frirstName] => Hassan
    [lastName] => Farag
    [phone] => 201111511033
    [city_id] => 5
    [customer_region] => CAIRO
    [street] => 21 12/19 A Zahraa Elmaadi Third District
    [home_number] => 12/19 A
    [floor_number] => 2
    [postal_code] => 
    [address] => Zahraaelmaadi/(12/19a)/21
    [notes] => 
)
  
[2021-11-19 12:59:45] local.INFO: create or update address   
[2021-11-19 12:59:45] local.INFO:   
[2021-11-19 12:59:46] local.INFO: Array
(
    [id] => 282
    [customer_id] => 885
    [frirstName] => Hassan
    [lastName] => Farag
    [phone] => 201111511033
    [city_id] => 5
    [customer_region] => CAIRO
    [street] => 21 12/19 A Zahraa Elmaadi Third District
    [home_number] => 12/19 A
    [floor_number] => 2
    [postal_code] => 
    [address] => Zahraaelmaadi/(12/19a)/21
    [notes] => 
)
  
[2021-11-19 12:59:46] local.INFO: create or update address   
[2021-11-19 12:59:46] local.INFO:   
[2021-11-19 13:00:06] local.INFO: every hour  
[2021-11-19 14:00:08] local.INFO: every hour  
[2021-11-19 15:00:06] local.INFO: every hour  
[2021-11-19 16:00:08] local.INFO: every hour  
[2021-11-19 17:00:08] local.INFO: every hour  
[2021-11-19 18:00:09] local.INFO: every hour  
[2021-11-19 19:00:09] local.INFO: every hour  
[2021-11-19 20:00:06] local.INFO: every hour  
[2021-11-19 21:00:04] local.INFO: every hour  
[2021-11-19 22:00:05] local.INFO: every hour  
[2021-11-19 23:00:05] local.INFO: every hour  
